  FileName.cpp
C:\Users\Cju\Documents\GitHub\2025-\a\a\FileName.cpp(27,17): error C2065: 'copy': 선언되지 않은 식별자입니다.
C:\Users\Cju\Documents\GitHub\2025-\a\a\FileName.cpp(102,10): error C2001: 상수에 줄 바꿈 문자가 있습니다.
C:\Users\Cju\Documents\GitHub\2025-\a\a\FileName.cpp(103,4): error C2146: 구문 오류: ')'이(가) 'puts' 식별자 앞에 없습니다.
C:\Users\Cju\Documents\GitHub\2025-\a\a\FileName.cpp(102,10): warning C4473: 'printf': 서식 문자열에 대한 인수가 충분하게 전달되지 않았습니다.
      C:\Users\Cju\Documents\GitHub\2025-\a\a\FileName.cpp(102,10):
      자리 표시자 및 해당 매개 변수에는 variadic 인수가 1개 필요하지만 0개가 제공되었습니다.
      C:\Users\Cju\Documents\GitHub\2025-\a\a\FileName.cpp(102,10):
      누락된 variadic 인수 1이(가) 서식 문자열 '%d'에 필요합니다.
  
C:\Users\Cju\Documents\GitHub\2025-\a\a\FileName.cpp(103,4): error C2146: 구문 오류: ';'이(가) 'puts' 식별자 앞에 없습니다.
